2023.12.14 10:45:13 INFO  Started: Metals version 1.0.1+22-acf9aec2-SNAPSHOT in folders 'C:\Users\theja\Git\code-practice\scala, C:\Users\theja\Git\code-practice' for client Visual Studio Code - Insiders 1.84.0-insider.[0m
Dec 14, 2023 10:45:14 AM org.flywaydb.core.internal.license.VersionPrinter printVersionOnly
INFO: Flyway Community Edition 9.22.0 by Redgate
Dec 14, 2023 10:45:14 AM org.flywaydb.core.internal.license.VersionPrinter printVersion
INFO: See release notes here: https://rd.gt/416ObMi
Dec 14, 2023 10:45:14 AM org.flywaydb.core.internal.license.VersionPrinter printVersion
INFO: 
Dec 14, 2023 10:45:14 AM org.flywaydb.core.FlywayExecutor execute
INFO: Database: jdbc:h2:file:C:\Users\theja\Git\code-practice\scala\.metals\metals (H2 2.1)
Dec 14, 2023 10:45:14 AM org.flywaydb.core.internal.command.DbValidate validate
INFO: Successfully validated 4 migrations (execution time 00:00.059s)
Dec 14, 2023 10:45:14 AM org.flywaydb.core.internal.command.DbMigrate migrateGroup
INFO: Current version of schema "PUBLIC": 4
Dec 14, 2023 10:45:14 AM org.flywaydb.core.internal.command.DbMigrate logSummary
INFO: Schema "PUBLIC" is up to date. No migration necessary.
Dec 14, 2023 10:45:14 AM org.flywaydb.core.FlywayExecutor execute
INFO: Database: jdbc:h2:file:C:\Users\theja\Git\code-practice\.metals\metals (H2 2.1)
Dec 14, 2023 10:45:14 AM org.flywaydb.core.internal.schemahistory.JdbcTableSchemaHistory allAppliedMigrations
INFO: Schema history table "PUBLIC"."flyway_schema_history" does not exist yet
Dec 14, 2023 10:45:14 AM org.flywaydb.core.internal.command.DbValidate validate
INFO: Successfully validated 4 migrations (execution time 00:00.008s)
Dec 14, 2023 10:45:14 AM org.flywaydb.core.internal.schemahistory.JdbcTableSchemaHistory create
INFO: Creating Schema History table "PUBLIC"."flyway_schema_history" ...
Dec 14, 2023 10:45:14 AM org.flywaydb.core.internal.command.DbMigrate migrateGroup
INFO: Current version of schema "PUBLIC": << Empty Schema >>
Dec 14, 2023 10:45:14 AM org.flywaydb.core.internal.command.DbMigrate doMigrateGroup
INFO: Migrating schema "PUBLIC" to version "1 - Create tables"
Dec 14, 2023 10:45:15 AM org.flywaydb.core.internal.command.DbMigrate doMigrateGroup
INFO: Migrating schema "PUBLIC" to version "2 - Server discovery"
Dec 14, 2023 10:45:15 AM org.flywaydb.core.internal.command.DbMigrate doMigrateGroup
INFO: Migrating schema "PUBLIC" to version "3 - Jar symbols"
Dec 14, 2023 10:45:15 AM org.flywaydb.core.internal.command.DbMigrate doMigrateGroup
INFO: Migrating schema "PUBLIC" to version "4 - Fingerprints"
Dec 14, 2023 10:45:15 AM org.flywaydb.core.internal.command.DbMigrate logSummary
INFO: Successfully applied 4 migrations to schema "PUBLIC", now at version v4 (execution time 00:00.031s)
2023.12.14 10:45:15 INFO  time: initialize in 1.22s[0m
2023.12.14 10:45:18 INFO  Attempting to connect to the build server...[0m
2023.12.14 10:45:18 INFO  Bloop uses C:\Program Files\Java\jdk-17 defined at C:\Users\theja\.bloop\bloop.json[0m
2023.12.14 10:45:19 INFO  skipping build import with status 'Installed'[0m
2023.12.14 10:45:18 INFO  tracing is disabled for protocol BSP, to enable tracing of incoming and outgoing JSON messages create an empty file at C:\Users\theja\Git\code-practice\scala\.metals\bsp.trace.json or C:\Users\theja\AppData\Local\scalameta\metals\cache\bsp.trace.json[0m
2023.12.14 10:45:22 INFO  Running List(C:\Users\theja\AppData\Local\Coursier\data\bin\scala-cli.BAT, setup-ide, C:\Users\theja\Git\code-practice)[0m
2023.12.14 10:45:23 INFO  Attempting to connect to the build server...[0m
2023.12.14 10:45:22 INFO  Attempting to connect to the build server...[0m
2023.12.14 10:45:23 INFO  Running BSP server List(C:\Users\theja\AppData\Local\Coursier\data\bin\.scala-cli.aux.exe, bsp, --json-options, C:\Users\theja\Git\code-practice\.scala-build\ide-options-v2.json, C:\Users\theja\Git\code-practice)[0m
2023.12.14 10:45:22 INFO  Running BSP server List(C:\Users\theja\AppData\Local\Coursier\data\bin\.scala-cli.aux.exe, bsp, --json-options, C:\Users\theja\Git\code-practice\.scala-build\ide-options-v2.json, C:\Users\theja\Git\code-practice)[0m
2023.12.14 10:45:23 INFO  tracing is disabled for protocol BSP, to enable tracing of incoming and outgoing JSON messages create an empty file at C:\Users\theja\Git\code-practice\.metals\bsp.trace.json or C:\Users\theja\AppData\Local\scalameta\metals\cache\bsp.trace.json[0m
2023.12.14 10:45:23 INFO  tracing is disabled for protocol BSP, to enable tracing of incoming and outgoing JSON messages create an empty file at C:\Users\theja\Git\code-practice\.metals\bsp.trace.json or C:\Users\theja\AppData\Local\scalameta\metals\cache\bsp.trace.json[0m
2023.12.14 10:45:25 INFO  BSP server: Downloading https://repo1.maven.org/maven2/io/github/alexarchambault/bleep/bloop-frontend_2.12/1.5.11-sc-2/bloop-frontend_2.12-1.5.11-sc-2.pom[0m
2023.12.14 10:45:25 INFO  BSP server: Downloading https://repo1.maven.org/maven2/io/github/alexarchambault/bleep/bloop-frontend_2.12/1.5.11-sc-2/bloop-frontend_2.12-1.5.11-sc-2.pom[0m
2023.12.14 10:45:26 INFO  BSP server: Downloaded https://repo1.maven.org/maven2/io/github/alexarchambault/bleep/bloop-frontend_2.12/1.5.11-sc-2/bloop-frontend_2.12-1.5.11-sc-2.pom[0m
2023.12.14 10:45:26 INFO  BSP server: Downloading https://repo1.maven.org/maven2/io/github/alexarchambault/bleep/bloop-backend_2.12/1.5.11-sc-2/bloop-backend_2.12-1.5.11-sc-2.pom[0m
2023.12.14 10:45:26 INFO  BSP server: (watching) Downloaded https://repo1.maven.org/maven2/io/github/alexarchambault/bleep/bloop-frontend_2.12/1.5.11-sc-2/bloop-frontend_2.12-1.5.11-sc-2.pom[0m
2023.12.14 10:45:26 INFO  BSP server: Downloading https://repo1.maven.org/maven2/io/github/alexarchambault/bleep/bloop-backend_2.12/1.5.11-sc-2/bloop-backend_2.12-1.5.11-sc-2.pom[0m
2023.12.14 10:45:26 INFO  BSP server: Downloaded https://repo1.maven.org/maven2/io/github/alexarchambault/bleep/bloop-backend_2.12/1.5.11-sc-2/bloop-backend_2.12-1.5.11-sc-2.pom[0m
2023.12.14 10:45:26 INFO  BSP server: Downloading https://repo1.maven.org/maven2/io/github/alexarchambault/bleep/bloop-shared_2.12/1.5.11-sc-2/bloop-shared_2.12-1.5.11-sc-2.pom[0m
2023.12.14 10:45:26 INFO  BSP server: Downloading https://repo1.maven.org/maven2/org/scala-sbt/test-agent/1.8.3/test-agent-1.8.3.pom[0m
2023.12.14 10:45:26 INFO  BSP server: (watching) Downloaded https://repo1.maven.org/maven2/io/github/alexarchambault/bleep/bloop-backend_2.12/1.5.11-sc-2/bloop-backend_2.12-1.5.11-sc-2.pom[0m
2023.12.14 10:45:26 INFO  BSP server: Downloading https://repo1.maven.org/maven2/org/scala-sbt/test-agent/1.8.3/test-agent-1.8.3.pom[0m
2023.12.14 10:45:26 INFO  BSP server: Downloading https://repo1.maven.org/maven2/io/github/alexarchambault/bleep/bloop-shared_2.12/1.5.11-sc-2/bloop-shared_2.12-1.5.11-sc-2.pom[0m
2023.12.14 10:45:27 INFO  BSP server: Downloaded https://repo1.maven.org/maven2/io/github/alexarchambault/bleep/bloop-shared_2.12/1.5.11-sc-2/bloop-shared_2.12-1.5.11-sc-2.pom[0m
2023.12.14 10:45:27 INFO  BSP server: Downloaded https://repo1.maven.org/maven2/org/scala-sbt/test-agent/1.8.3/test-agent-1.8.3.pom[0m
2023.12.14 10:45:28 INFO  BSP server: (watching) Downloaded https://repo1.maven.org/maven2/io/github/alexarchambault/bleep/bloop-shared_2.12/1.5.11-sc-2/bloop-shared_2.12-1.5.11-sc-2.pom[0m
2023.12.14 10:45:28 INFO  BSP server: (watching) Downloaded https://repo1.maven.org/maven2/org/scala-sbt/test-agent/1.8.3/test-agent-1.8.3.pom[0m
2023.12.14 10:45:29 INFO  BSP server: Downloading https://repo1.maven.org/maven2/io/github/alexarchambault/bleep/bloop-shared_2.12/1.5.11-sc-2/bloop-shared_2.12-1.5.11-sc-2.jar[0m
2023.12.14 10:45:29 INFO  BSP server: Downloading https://repo1.maven.org/maven2/io/github/alexarchambault/bleep/bloop-shared_2.12/1.5.11-sc-2/bloop-shared_2.12-1.5.11-sc-2.jar[0m
2023.12.14 10:45:29 INFO  BSP server: Downloading https://repo1.maven.org/maven2/io/github/alexarchambault/bleep/bloop-frontend_2.12/1.5.11-sc-2/bloop-frontend_2.12-1.5.11-sc-2.jar[0m
2023.12.14 10:45:29 INFO  BSP server: Downloading https://repo1.maven.org/maven2/io/github/alexarchambault/bleep/bloop-frontend_2.12/1.5.11-sc-2/bloop-frontend_2.12-1.5.11-sc-2.jar[0m
2023.12.14 10:45:29 INFO  BSP server: Downloading https://repo1.maven.org/maven2/io/github/alexarchambault/bleep/bloop-backend_2.12/1.5.11-sc-2/bloop-backend_2.12-1.5.11-sc-2.jar[0m
2023.12.14 10:45:29 INFO  BSP server: Downloading https://repo1.maven.org/maven2/io/github/alexarchambault/bleep/bloop-backend_2.12/1.5.11-sc-2/bloop-backend_2.12-1.5.11-sc-2.jar[0m
2023.12.14 10:45:29 INFO  BSP server: Downloaded https://repo1.maven.org/maven2/io/github/alexarchambault/bleep/bloop-shared_2.12/1.5.11-sc-2/bloop-shared_2.12-1.5.11-sc-2.jar[0m
2023.12.14 10:45:30 INFO  BSP server: (watching) Downloaded https://repo1.maven.org/maven2/io/github/alexarchambault/bleep/bloop-shared_2.12/1.5.11-sc-2/bloop-shared_2.12-1.5.11-sc-2.jar[0m
2023.12.14 10:45:36 INFO  BSP server: Still downloading:[0m
2023.12.14 10:45:36 INFO  BSP server: Still downloading:[0m
2023.12.14 10:45:36 INFO  BSP server: https://repo1.maven.org/maven2/io/github/alexarchambault/bleep/bloop-frontend_2.12/1.5.11-sc-2/bloop-frontend_2.12-1.5.11-sc-2.jar (0.00 %, 0 / 1536483)[0m
2023.12.14 10:45:36 INFO  BSP server: https://repo1.maven.org/maven2/io/github/alexarchambault/bleep/bloop-backend_2.12/1.5.11-sc-2/bloop-backend_2.12-1.5.11-sc-2.jar (44.11 %, 294912 / 668623)[0m
2023.12.14 10:45:36 INFO  BSP server: https://repo1.maven.org/maven2/io/github/alexarchambault/bleep/bloop-backend_2.12/1.5.11-sc-2/bloop-backend_2.12-1.5.11-sc-2.jar (0.00 %, 0 / 668623)[0m
2023.12.14 10:45:36 INFO  BSP server: https://repo1.maven.org/maven2/io/github/alexarchambault/bleep/bloop-frontend_2.12/1.5.11-sc-2/bloop-frontend_2.12-1.5.11-sc-2.jar (5.33 %, 81920 / 1536483)[0m
2023.12.14 10:45:36 INFO  BSP server: [0m
2023.12.14 10:45:36 INFO  BSP server: [0m
2023.12.14 10:45:39 ERROR Timeout waiting for 'build/initialize' response[0m
2023.12.14 10:45:39 WARN  Retrying connection to the build server Bloop[0m
2023.12.14 10:45:39 INFO  Bloop uses C:\Program Files\Java\jdk-17 defined at C:\Users\theja\.bloop\bloop.json[0m
2023.12.14 10:45:41 INFO  BSP server: Still downloading:[0m
2023.12.14 10:45:41 INFO  BSP server: Still downloading:[0m
2023.12.14 10:45:41 INFO  BSP server: https://repo1.maven.org/maven2/io/github/alexarchambault/bleep/bloop-backend_2.12/1.5.11-sc-2/bloop-backend_2.12-1.5.11-sc-2.jar (75.96 %, 507904 / 668623)[0m
2023.12.14 10:45:41 INFO  BSP server: https://repo1.maven.org/maven2/io/github/alexarchambault/bleep/bloop-frontend_2.12/1.5.11-sc-2/bloop-frontend_2.12-1.5.11-sc-2.jar (0.00 %, 0 / 1536483)[0m
2023.12.14 10:45:41 INFO  BSP server: https://repo1.maven.org/maven2/io/github/alexarchambault/bleep/bloop-frontend_2.12/1.5.11-sc-2/bloop-frontend_2.12-1.5.11-sc-2.jar (16.65 %, 255808 / 1536483)[0m
2023.12.14 10:45:41 INFO  BSP server: https://repo1.maven.org/maven2/io/github/alexarchambault/bleep/bloop-backend_2.12/1.5.11-sc-2/bloop-backend_2.12-1.5.11-sc-2.jar (0.00 %, 0 / 668623)[0m
2023.12.14 10:45:41 INFO  BSP server: [0m
2023.12.14 10:45:41 INFO  BSP server: [0m
2023.12.14 10:45:43 ERROR Timeout waiting for 'build/initialize' response[0m
2023.12.14 10:45:43 ERROR Timeout waiting for 'build/initialize' response[0m
2023.12.14 10:45:43 WARN  Retrying connection to the build server scala-cli[0m
2023.12.14 10:45:43 WARN  Retrying connection to the build server scala-cli[0m
2023.12.14 10:45:43 INFO  Running BSP server List(C:\Users\theja\AppData\Local\Coursier\data\bin\.scala-cli.aux.exe, bsp, --json-options, C:\Users\theja\Git\code-practice\.scala-build\ide-options-v2.json, C:\Users\theja\Git\code-practice)[0m
2023.12.14 10:45:43 INFO  Running BSP server List(C:\Users\theja\AppData\Local\Coursier\data\bin\.scala-cli.aux.exe, bsp, --json-options, C:\Users\theja\Git\code-practice\.scala-build\ide-options-v2.json, C:\Users\theja\Git\code-practice)[0m
2023.12.14 10:45:43 INFO  tracing is disabled for protocol BSP, to enable tracing of incoming and outgoing JSON messages create an empty file at C:\Users\theja\Git\code-practice\.metals\bsp.trace.json or C:\Users\theja\AppData\Local\scalameta\metals\cache\bsp.trace.json[0m
2023.12.14 10:45:43 INFO  tracing is disabled for protocol BSP, to enable tracing of incoming and outgoing JSON messages create an empty file at C:\Users\theja\Git\code-practice\.metals\bsp.trace.json or C:\Users\theja\AppData\Local\scalameta\metals\cache\bsp.trace.json[0m
2023.12.14 10:45:44 INFO  tracing is disabled for protocol BSP, to enable tracing of incoming and outgoing JSON messages create an empty file at C:\Users\theja\Git\code-practice\scala\.metals\bsp.trace.json or C:\Users\theja\AppData\Local\scalameta\metals\cache\bsp.trace.json[0m
2023.12.14 10:45:44 INFO  Attempting to connect to the build server...[0m
2023.12.14 10:45:44 INFO  Bloop uses C:\Program Files\Java\jdk-17 defined at C:\Users\theja\.bloop\bloop.json[0m
2023.12.14 10:45:44 INFO  tracing is disabled for protocol BSP, to enable tracing of incoming and outgoing JSON messages create an empty file at C:\Users\theja\Git\code-practice\scala\project\.metals\bsp.trace.json or C:\Users\theja\AppData\Local\scalameta\metals\cache\bsp.trace.json[0m
2023.12.14 10:45:44 INFO  time: Connected to build server in 26s[0m
2023.12.14 10:45:44 INFO  Connected to Build server: Bloop v1.5.11[0m
2023.12.14 10:45:44 INFO  time: Imported build in 0.1s[0m
2023.12.14 10:45:45 INFO  BSP server: Downloading https://repo1.maven.org/maven2/io/github/alexarchambault/bleep/bloop-frontend_2.12/1.5.11-sc-2/bloop-frontend_2.12-1.5.11-sc-2.jar[0m
2023.12.14 10:45:45 INFO  BSP server: Downloading https://repo1.maven.org/maven2/io/github/alexarchambault/bleep/bloop-backend_2.12/1.5.11-sc-2/bloop-backend_2.12-1.5.11-sc-2.jar[0m
2023.12.14 10:45:45 INFO  BSP server: Downloading https://repo1.maven.org/maven2/io/github/alexarchambault/bleep/bloop-frontend_2.12/1.5.11-sc-2/bloop-frontend_2.12-1.5.11-sc-2.jar[0m
2023.12.14 10:45:45 INFO  BSP server: Downloading https://repo1.maven.org/maven2/io/github/alexarchambault/bleep/bloop-backend_2.12/1.5.11-sc-2/bloop-backend_2.12-1.5.11-sc-2.jar[0m
2023.12.14 10:45:47 INFO  BSP server: Downloaded https://repo1.maven.org/maven2/io/github/alexarchambault/bleep/bloop-backend_2.12/1.5.11-sc-2/bloop-backend_2.12-1.5.11-sc-2.jar[0m
2023.12.14 10:45:47 INFO  BSP server: (watching) Downloaded https://repo1.maven.org/maven2/io/github/alexarchambault/bleep/bloop-backend_2.12/1.5.11-sc-2/bloop-backend_2.12-1.5.11-sc-2.jar[0m
2023.12.14 10:45:47 INFO  BSP server: Downloaded https://repo1.maven.org/maven2/io/github/alexarchambault/bleep/bloop-frontend_2.12/1.5.11-sc-2/bloop-frontend_2.12-1.5.11-sc-2.jar[0m
2023.12.14 10:45:47 INFO  BSP server: (watching) Downloaded https://repo1.maven.org/maven2/io/github/alexarchambault/bleep/bloop-frontend_2.12/1.5.11-sc-2/bloop-frontend_2.12-1.5.11-sc-2.jar[0m
2023.12.14 10:45:47 INFO  BSP server: Starting compilation server[0m
2023.12.14 10:45:47 INFO  BSP server: Starting compilation server[0m
2023.12.14 10:45:52 ERROR Failed to fetch mtags for 2.13.12
Error downloading org.scalameta:mtags_2.13.12:1.0.1+22-acf9aec2-SNAPSHOT
  not found: C:\Users\theja\.ivy2\local\org.scalameta\mtags_2.13.12\1.0.1+22-acf9aec2-SNAPSHOT\ivys\ivy.xml
  not found: https://repo1.maven.org/maven2/org/scalameta/mtags_2.13.12/1.0.1+22-acf9aec2-SNAPSHOT/mtags_2.13.12-1.0.1+22-acf9aec2-SNAPSHOT.pom
  not found: C:\Users\theja\.ivy2\local\org.scalameta\mtags_2.13.12\1.0.1+22-acf9aec2-SNAPSHOT\ivys\ivy.xml
  not found: https://oss.sonatype.org/content/repositories/public/org/scalameta/mtags_2.13.12/1.0.1+22-acf9aec2-SNAPSHOT/mtags_2.13.12-1.0.1+22-acf9aec2-SNAPSHOT.pom
  not found: https://oss.sonatype.org/content/repositories/snapshots/org/scalameta/mtags_2.13.12/1.0.1+22-acf9aec2-SNAPSHOT/mtags_2.13.12-1.0.1+22-acf9aec2-SNAPSHOT.pom[0m
2023.12.14 10:45:55 ERROR Failed to fetch mtags for 2.13.12
Error downloading org.scalameta:mtags_2.13.12:1.0.1+22-acf9aec2-SNAPSHOT
  not found: C:\Users\theja\.ivy2\local\org.scalameta\mtags_2.13.12\1.0.1+22-acf9aec2-SNAPSHOT\ivys\ivy.xml
  not found: https://repo1.maven.org/maven2/org/scalameta/mtags_2.13.12/1.0.1+22-acf9aec2-SNAPSHOT/mtags_2.13.12-1.0.1+22-acf9aec2-SNAPSHOT.pom
  not found: C:\Users\theja\.ivy2\local\org.scalameta\mtags_2.13.12\1.0.1+22-acf9aec2-SNAPSHOT\ivys\ivy.xml
  not found: https://oss.sonatype.org/content/repositories/public/org/scalameta/mtags_2.13.12/1.0.1+22-acf9aec2-SNAPSHOT/mtags_2.13.12-1.0.1+22-acf9aec2-SNAPSHOT.pom
  not found: https://oss.sonatype.org/content/repositories/snapshots/org/scalameta/mtags_2.13.12/1.0.1+22-acf9aec2-SNAPSHOT/mtags_2.13.12-1.0.1+22-acf9aec2-SNAPSHOT.pom[0m
2023.12.14 10:46:01 ERROR Failed to fetch mtags for 2.13.12
Error downloading org.scalameta:mtags_2.13.12:1.0.1+22-acf9aec2-SNAPSHOT
  not found: C:\Users\theja\.ivy2\local\org.scalameta\mtags_2.13.12\1.0.1+22-acf9aec2-SNAPSHOT\ivys\ivy.xml
  not found: https://repo1.maven.org/maven2/org/scalameta/mtags_2.13.12/1.0.1+22-acf9aec2-SNAPSHOT/mtags_2.13.12-1.0.1+22-acf9aec2-SNAPSHOT.pom
  not found: C:\Users\theja\.ivy2\local\org.scalameta\mtags_2.13.12\1.0.1+22-acf9aec2-SNAPSHOT\ivys\ivy.xml
  not found: https://oss.sonatype.org/content/repositories/public/org/scalameta/mtags_2.13.12/1.0.1+22-acf9aec2-SNAPSHOT/mtags_2.13.12-1.0.1+22-acf9aec2-SNAPSHOT.pom
  not found: https://oss.sonatype.org/content/repositories/snapshots/org/scalameta/mtags_2.13.12/1.0.1+22-acf9aec2-SNAPSHOT/mtags_2.13.12-1.0.1+22-acf9aec2-SNAPSHOT.pom[0m
2023.12.14 10:46:01 INFO  Failed to resolve mtags for 2.13.12[0m
2023.12.14 10:46:01 INFO  time: Connected to build server in 38s[0m
2023.12.14 10:46:01 INFO  Connected to Build server: scala-cli v1.0.5[0m
2023.12.14 10:46:01 INFO  time: Connected to build server in 38s[0m
2023.12.14 10:46:01 INFO  Connected to Build server: scala-cli v1.0.5[0m
2023.12.14 10:46:01 INFO  time: Imported build in 0.55s[0m
2023.12.14 10:46:02 INFO  time: Imported build in 0.54s[0m
2023.12.14 10:46:03 INFO  Deduplicating compilation of code-practice_bd2c96d2de from bsp client 'scala-cli 1.0.5' (since 3.236s)[0m
2023.12.14 10:46:04 INFO  compiling code-practice_bd2c96d2de (1 scala source)[0m
2023.12.14 10:46:03 INFO  compiling code-practice_bd2c96d2de (1 scala source)[0m
2023.12.14 10:46:09 INFO  time: indexed workspace in 7.23s[0m
2023.12.14 10:46:10 INFO  time: indexed workspace in 7.58s[0m
2023.12.14 10:46:12 INFO  time: indexed workspace in 27s[0m
2023.12.14 10:46:16 INFO  time: compiled code-practice_bd2c96d2de in 11s[0m
2023.12.14 10:46:16 INFO  Deduplicating compilation of code-practice_bd2c96d2de from bsp client 'scala-cli 1.0.5' (since 16.343s)[0m
2023.12.14 10:46:16 INFO  Deduplicating compilation of code-practice_bd2c96d2de-test from bsp client 'scala-cli 1.0.5' (since 16.433s)[0m
2023.12.14 10:46:16 INFO  compiling code-practice_bd2c96d2de-test (1 scala source)[0m
2023.12.14 10:46:16 INFO  compiling code-practice_bd2c96d2de-test (1 scala source)[0m
2023.12.14 10:46:19 INFO  time: compiled code-practice_bd2c96d2de-test in 3.07s[0m
2023.12.14 10:58:06 INFO  Shutting down server[0m
2023.12.14 10:58:06 INFO  shutting down Metals[0m
2023.12.14 10:58:06 INFO  Shut down connection with build server.[0m
2023.12.14 10:58:06 INFO  Shut down connection with build server.[0m
2023.12.14 10:58:06 INFO  Shut down connection with build server.[0m
2023.12.14 10:58:06 INFO  Exiting server[0m
